Build started 7/30/2014 3:11:25 PM.
     1>Project "C:\Users\sriramch\Documents\GitHub\GoErgo\GoErgo\ObjectDetection\ObjectDetection.vcxproj" on node 2 (Build target(s)).
     1>Link:
         C:\Program Files (x86)\Microsoft Visual Studio 12.0\VC\bin\link.exe /ERRORREPORT:PROMPT /OUT:"C:\Users\sriramch\Documents\GitHub\GoErgo\GoErgo\Debug\GoErgo.exe" /INCREMENTAL /NOLOGO /LIBPATH:C:\opencv\OpenCV\build\x64\vc12\lib opencv_core249d.lib opencv_imgproc249d.lib opencv_highgui249d.lib opencv_ml249d.lib opencv_video249d.lib opencv_features2d249d.lib opencv_calib3d249d.lib opencv_objdetect249d.lib opencv_contrib249d.lib opencv_legacy249d.lib opencv_flann249d.lib kernel32.lib user32.lib gdi32.lib winspool.lib comdlg32.lib advapi32.lib shell32.lib ole32.lib oleaut32.lib uuid.lib odbc32.lib odbccp32.lib /MANIFEST /MANIFESTUAC:"level='asInvoker' uiAccess='false'" /manifest:embed /DEBUG /PDB:"C:\Users\sriramch\Documents\GitHub\GoErgo\GoErgo\Debug\GoErgo.pdb" /SUBSYSTEM:CONSOLE /TLBID:1 /DYNAMICBASE /NXCOMPAT /IMPLIB:"C:\Users\sriramch\Documents\GitHub\GoErgo\GoErgo\Debug\GoErgo.lib" /MACHINE:X86 Debug\goErgo.obj
         Debug\stdafx.obj
            Creating library C:\Users\sriramch\Documents\GitHub\GoErgo\GoErgo\Debug\GoErgo.lib and object C:\Users\sriramch\Documents\GitHub\GoErgo\GoErgo\Debug\GoErgo.exp
     1>goErgo.obj : error LNK2019: unresolved external symbol _cvCreateImage referenced in function "int __cdecl locate_eye(struct _IplImage *,struct _IplImage *,struct CvRect *,struct CvRect *)" (?locate_eye@@YAHPAU_IplImage@@0PAUCvRect@@1@Z)
     1>goErgo.obj : error LNK2019: unresolved external symbol _cvReleaseImage referenced in function "int __cdecl detectBlink(class cv::Mat &,struct _IplImage *,bool)" (?detectBlink@@YAHAAVMat@cv@@PAU_IplImage@@_N@Z)
     1>goErgo.obj : error LNK2019: unresolved external symbol _cvSetImageROI referenced in function "int __cdecl detectBlink(class cv::Mat &,struct _IplImage *,bool)" (?detectBlink@@YAHAAVMat@cv@@PAU_IplImage@@_N@Z)
     1>goErgo.obj : error LNK2019: unresolved external symbol _cvResetImageROI referenced in function "int __cdecl detectBlink(class cv::Mat &,struct _IplImage *,bool)" (?detectBlink@@YAHAAVMat@cv@@PAU_IplImage@@_N@Z)
     1>goErgo.obj : error LNK2019: unresolved external symbol _cvGetSize referenced in function _init
     1>goErgo.obj : error LNK2019: unresolved external symbol _cvCopy referenced in function "int __cdecl detectBlink(class cv::Mat &,struct _IplImage *,bool)" (?detectBlink@@YAHAAVMat@cv@@PAU_IplImage@@_N@Z)
     1>goErgo.obj : error LNK2019: unresolved external symbol _cvSetZero referenced in function "int __cdecl get_connected_components(struct _IplImage *,struct _IplImage *,struct CvRect,struct CvSeq * *)" (?get_connected_components@@YAHPAU_IplImage@@0UCvRect@@PAPAUCvSeq@@@Z)
     1>goErgo.obj : error LNK2019: unresolved external symbol _cvSub referenced in function "int __cdecl get_connected_components(struct _IplImage *,struct _IplImage *,struct CvRect,struct CvSeq * *)" (?get_connected_components@@YAHPAU_IplImage@@0UCvRect@@PAPAUCvSeq@@@Z)
     1>goErgo.obj : error LNK2019: unresolved external symbol _cvMinMaxLoc referenced in function "int __cdecl locate_eye(struct _IplImage *,struct _IplImage *,struct CvRect *,struct CvRect *)" (?locate_eye@@YAHPAU_IplImage@@0PAUCvRect@@1@Z)
     1>goErgo.obj : error LNK2019: unresolved external symbol _cvCreateMemStorage referenced in function _init
     1>goErgo.obj : error LNK2019: unresolved external symbol _cvReleaseMemStorage referenced in function "void __cdecl exit_nicely(char *)" (?exit_nicely@@YAXPAD@Z)
     1>goErgo.obj : error LNK2019: unresolved external symbol _cvClearMemStorage referenced in function "int __cdecl get_connected_components(struct _IplImage *,struct _IplImage *,struct CvRect,struct CvSeq * *)" (?get_connected_components@@YAHPAU_IplImage@@0UCvRect@@PAPAUCvSeq@@@Z)
     1>goErgo.obj : error LNK2019: unresolved external symbol _cvRectangle referenced in function "void __cdecl draw_rects(struct _IplImage *,struct _IplImage *,struct CvRect,struct CvRect)" (?draw_rects@@YAXPAU_IplImage@@0UCvRect@@1@Z)
     1>goErgo.obj : error LNK2019: unresolved external symbol _cvInitFont referenced in function _init
     1>goErgo.obj : error LNK2019: unresolved external symbol _cvPutText referenced in function "void __cdecl draw_text(struct _IplImage *,char const *,int &,bool)" (?draw_text@@YAXPAU_IplImage@@PBDAAH_N@Z)
     1>goErgo.obj : error LNK2019: unresolved external symbol _cvGetTextSize referenced in function "void __cdecl draw_text(struct _IplImage *,char const *,int &,bool)" (?draw_text@@YAXPAU_IplImage@@PBDAAH_N@Z)
     1>goErgo.obj : error LNK2019: unresolved external symbol _cvClone referenced in function "int __cdecl detectBlink(class cv::Mat &,struct _IplImage *,bool)" (?detectBlink@@YAHAAVMat@cv@@PAU_IplImage@@_N@Z)
     1>goErgo.obj : error LNK2019: unresolved external symbol "void __cdecl cv::fastFree(void *)" (?fastFree@cv@@YAXPAX@Z) referenced in function "public: __thiscall cv::Mat::~Mat(void)" (??1Mat@cv@@QAE@XZ)
     1>goErgo.obj : error LNK2019: unresolved external symbol "public: __thiscall cv::_InputArray::_InputArray(class cv::Mat const &)" (??0_InputArray@cv@@QAE@ABVMat@1@@Z) referenced in function "int __cdecl detectAmbientLight(class cv::Mat &,struct _IplImage *,bool)" (?detectAmbientLight@@YAHAAVMat@cv@@PAU_IplImage@@_N@Z)
     1>goErgo.obj : error LNK2019: unresolved external symbol "public: __thiscall cv::_OutputArray::_OutputArray(class cv::Mat &)" (??0_OutputArray@cv@@QAE@AAVMat@1@@Z) referenced in function "int __cdecl detectAmbientLight(class cv::Mat &,struct _IplImage *,bool)" (?detectAmbientLight@@YAHAAVMat@cv@@PAU_IplImage@@_N@Z)
     1>goErgo.obj : error LNK2019: unresolved external symbol "public: __thiscall cv::Mat::Mat(class cv::Mat const &,class cv::Rect_<int> const &)" (??0Mat@cv@@QAE@ABV01@ABV?$Rect_@H@1@@Z) referenced in function "public: class cv::Mat __thiscall cv::Mat::operator()(class cv::Rect_<int> const &)const " (??RMat@cv@@QBE?AV01@ABV?$Rect_@H@1@@Z)
     1>goErgo.obj : error LNK2019: unresolved external symbol "public: void __thiscall cv::Mat::deallocate(void)" (?deallocate@Mat@cv@@QAEXXZ) referenced in function "public: void __thiscall cv::Mat::release(void)" (?release@Mat@cv@@QAEXXZ)
     1>goErgo.obj : error LNK2019: unresolved external symbol "public: void __thiscall cv::Mat::copySize(class cv::Mat const &)" (?copySize@Mat@cv@@QAEXABV12@@Z) referenced in function "public: __thiscall cv::Mat::Mat(class cv::Mat const &)" (??0Mat@cv@@QAE@ABV01@@Z)
     1>goErgo.obj : error LNK2019: unresolved external symbol "public: __thiscall cv::Mat::operator struct _IplImage(void)const " (??BMat@cv@@QBE?AU_IplImage@@XZ) referenced in function "void __cdecl delay_frames(int)" (?delay_frames@@YAXH@Z)
     1>goErgo.obj : error LNK2019: unresolved external symbol "void __cdecl cv::rectangle(class cv::Mat &,class cv::Point_<int>,class cv::Point_<int>,class cv::Scalar_<double> const &,int,int,int)" (?rectangle@cv@@YAXAAVMat@1@V?$Point_@H@1@1ABV?$Scalar_@N@1@HHH@Z) referenced in function "void __cdecl draw_text(class cv::Mat &,char const *,int &,bool)" (?draw_text@@YAXAAVMat@cv@@PBDAAH_N@Z)
     1>goErgo.obj : error LNK2019: unresolved external symbol "void __cdecl cv::rectangle(class cv::Mat &,class cv::Rect_<int>,class cv::Scalar_<double> const &,int,int,int)" (?rectangle@cv@@YAXAAVMat@1@V?$Rect_@H@1@ABV?$Scalar_@N@1@HHH@Z) referenced in function "void __cdecl getDistance(class cv::Mat,int)" (?getDistance@@YAXVMat@cv@@H@Z)
     1>goErgo.obj : error LNK2019: unresolved external symbol "void __cdecl cv::putText(class cv::Mat &,class std::basic_string<char,struct std::char_traits<char>,class std::allocator<char> > const &,class cv::Point_<int>,int,double,class cv::Scalar_<double>,int,int,bool)" (?putText@cv@@YAXAAVMat@1@ABV?$basic_string@DU?$char_traits@D@std@@V?$allocator@D@2@@std@@V?$Point_@H@1@HNV?$Scalar_@N@1@HH_N@Z) referenced in function "void __cdecl draw_text(class cv::Mat &,char const *,int &,bool)" (?draw_text@@YAXAAVMat@cv@@PBDAAH_N@Z)
     1>goErgo.obj : error LNK2019: unresolved external symbol "class cv::Size_<int> __cdecl cv::getTextSize(class std::basic_string<char,struct std::char_traits<char>,class std::allocator<char> > const &,int,double,int,int *)" (?getTextSize@cv@@YA?AV?$Size_@H@1@ABV?$basic_string@DU?$char_traits@D@std@@V?$allocator@D@2@@std@@HNHPAH@Z) referenced in function "void __cdecl draw_text(class cv::Mat &,char const *,int &,bool)" (?draw_text@@YAXAAVMat@cv@@PBDAAH_N@Z)
     1>goErgo.obj : error LNK2019: unresolved external symbol "int __cdecl cv::_interlockedExchangeAdd(int *,int)" (?_interlockedExchangeAdd@cv@@YAHPAHH@Z) referenced in function "public: __thiscall cv::Mat::Mat(class cv::Mat const &)" (??0Mat@cv@@QAE@ABV01@@Z)
     1>goErgo.obj : error LNK2019: unresolved external symbol _cvCvtColor referenced in function "int __cdecl detectBlink(class cv::Mat &,struct _IplImage *,bool)" (?detectBlink@@YAHAAVMat@cv@@PAU_IplImage@@_N@Z)
     1>goErgo.obj : error LNK2019: unresolved external symbol _cvCreateStructuringElementEx referenced in function _init
     1>goErgo.obj : error LNK2019: unresolved external symbol _cvMorphologyEx referenced in function "int __cdecl get_connected_components(struct _IplImage *,struct _IplImage *,struct CvRect,struct CvSeq * *)" (?get_connected_components@@YAHPAU_IplImage@@0UCvRect@@PAPAUCvSeq@@@Z)
     1>goErgo.obj : error LNK2019: unresolved external symbol _cvMatchTemplate referenced in function "int __cdecl locate_eye(struct _IplImage *,struct _IplImage *,struct CvRect *,struct CvRect *)" (?locate_eye@@YAHPAU_IplImage@@0PAUCvRect@@1@Z)
     1>goErgo.obj : error LNK2019: unresolved external symbol _cvFindContours referenced in function "int __cdecl get_connected_components(struct _IplImage *,struct _IplImage *,struct CvRect,struct CvSeq * *)" (?get_connected_components@@YAHPAU_IplImage@@0UCvRect@@PAPAUCvSeq@@@Z)
     1>goErgo.obj : error LNK2019: unresolved external symbol _cvBoundingRect referenced in function "int __cdecl is_blink(struct CvSeq *,int,struct CvRect,struct CvRect)" (?is_blink@@YAHPAUCvSeq@@HUCvRect@@1@Z)
     1>goErgo.obj : error LNK2019: unresolved external symbol _cvThreshold referenced in function "int __cdecl get_connected_components(struct _IplImage *,struct _IplImage *,struct CvRect,struct CvSeq * *)" (?get_connected_components@@YAHPAU_IplImage@@0UCvRect@@PAPAUCvSeq@@@Z)
     1>goErgo.obj : error LNK2019: unresolved external symbol "void __cdecl cv::equalizeHist(class cv::_InputArray const &,class cv::_OutputArray const &)" (?equalizeHist@cv@@YAXABV_InputArray@1@ABV_OutputArray@1@@Z) referenced in function "bool __cdecl detectProximityAndEye(class cv::Mat)" (?detectProximityAndEye@@YA_NVMat@cv@@@Z)
     1>goErgo.obj : error LNK2019: unresolved external symbol "void __cdecl cv::cvtColor(class cv::_InputArray const &,class cv::_OutputArray const &,int,int)" (?cvtColor@cv@@YAXABV_InputArray@1@ABV_OutputArray@1@HH@Z) referenced in function "int __cdecl detectAmbientLight(class cv::Mat &,struct _IplImage *,bool)" (?detectAmbientLight@@YAHAAVMat@cv@@PAU_IplImage@@_N@Z)
     1>goErgo.obj : error LNK2019: unresolved external symbol "public: void __thiscall cv::Ptr<struct CvHaarClassifierCascade>::delete_obj(void)" (?delete_obj@?$Ptr@UCvHaarClassifierCascade@@@cv@@QAEXXZ) referenced in function "public: void __thiscall cv::Ptr<struct CvHaarClassifierCascade>::release(void)" (?release@?$Ptr@UCvHaarClassifierCascade@@@cv@@QAEXXZ)
     1>goErgo.obj : error LNK2019: unresolved external symbol "public: __thiscall cv::CascadeClassifier::CascadeClassifier(void)" (??0CascadeClassifier@cv@@QAE@XZ) referenced in function "void __cdecl `dynamic initializer for 'eyes_cascade''(void)" (??__Eeyes_cascade@@YAXXZ)
     1>goErgo.obj : error LNK2019: unresolved external symbol "public: __thiscall cv::CascadeClassifier::CascadeClassifier(class std::basic_string<char,struct std::char_traits<char>,class std::allocator<char> > const &)" (??0CascadeClassifier@cv@@QAE@ABV?$basic_string@DU?$char_traits@D@std@@V?$allocator@D@2@@std@@@Z) referenced in function _init
     1>goErgo.obj : error LNK2019: unresolved external symbol "public: virtual __thiscall cv::CascadeClassifier::~CascadeClassifier(void)" (??1CascadeClassifier@cv@@UAE@XZ) referenced in function "void __cdecl `dynamic atexit destructor for 'eyes_cascade''(void)" (??__Feyes_cascade@@YAXXZ)
     1>goErgo.obj : error LNK2019: unresolved external symbol "public: bool __thiscall cv::CascadeClassifier::load(class std::basic_string<char,struct std::char_traits<char>,class std::allocator<char> > const &)" (?load@CascadeClassifier@cv@@QAE_NABV?$basic_string@DU?$char_traits@D@std@@V?$allocator@D@2@@std@@@Z) referenced in function _init
     1>goErgo.obj : error LNK2019: unresolved external symbol "public: virtual void __thiscall cv::CascadeClassifier::detectMultiScale(class cv::Mat const &,class std::vector<class cv::Rect_<int>,class std::allocator<class cv::Rect_<int> > > &,double,int,int,class cv::Size_<int>,class cv::Size_<int>)" (?detectMultiScale@CascadeClassifier@cv@@UAEXABVMat@2@AAV?$vector@V?$Rect_@H@cv@@V?$allocator@V?$Rect_@H@cv@@@std@@@std@@NHHV?$Size_@H@2@2@Z) referenced in function "bool __cdecl detectProximityAndEye(class cv::Mat)" (?detectProximityAndEye@@YA_NVMat@cv@@@Z)
     1>goErgo.obj : error LNK2019: unresolved external symbol _cvNamedWindow referenced in function _init
     1>goErgo.obj : error LNK2019: unresolved external symbol _cvShowImage referenced in function "void __cdecl delay_frames(int)" (?delay_frames@@YAXH@Z)
     1>goErgo.obj : error LNK2019: unresolved external symbol _cvDestroyAllWindows referenced in function "void __cdecl exit_nicely(char *)" (?exit_nicely@@YAXPAD@Z)
     1>goErgo.obj : error LNK2019: unresolved external symbol _cvWaitKey referenced in function "void __cdecl delay_frames(int)" (?delay_frames@@YAXH@Z)
     1>goErgo.obj : error LNK2019: unresolved external symbol "void __cdecl cv::imshow(class std::basic_string<char,struct std::char_traits<char>,class std::allocator<char> > const &,class cv::_InputArray const &)" (?imshow@cv@@YAXABV?$basic_string@DU?$char_traits@D@std@@V?$allocator@D@2@@std@@ABV_InputArray@1@@Z) referenced in function "int __cdecl detectBlink(class cv::Mat &,struct _IplImage *,bool)" (?detectBlink@@YAHAAVMat@cv@@PAU_IplImage@@_N@Z)
     1>goErgo.obj : error LNK2019: unresolved external symbol "public: void __thiscall cv::Ptr<struct CvCapture>::delete_obj(void)" (?delete_obj@?$Ptr@UCvCapture@@@cv@@QAEXXZ) referenced in function "public: void __thiscall cv::Ptr<struct CvCapture>::release(void)" (?release@?$Ptr@UCvCapture@@@cv@@QAEXXZ)
     1>goErgo.obj : error LNK2019: unresolved external symbol "public: __thiscall cv::VideoCapture::VideoCapture(void)" (??0VideoCapture@cv@@QAE@XZ) referenced in function "void __cdecl `dynamic initializer for 'capture''(void)" (??__Ecapture@@YAXXZ)
     1>goErgo.obj : error LNK2019: unresolved external symbol "public: virtual __thiscall cv::VideoCapture::~VideoCapture(void)" (??1VideoCapture@cv@@UAE@XZ) referenced in function "void __cdecl `dynamic atexit destructor for 'capture''(void)" (??__Fcapture@@YAXXZ)
     1>goErgo.obj : error LNK2019: unresolved external symbol "public: virtual bool __thiscall cv::VideoCapture::open(int)" (?open@VideoCapture@cv@@UAE_NH@Z) referenced in function _init
     1>goErgo.obj : error LNK2019: unresolved external symbol "public: virtual bool __thiscall cv::VideoCapture::isOpened(void)const " (?isOpened@VideoCapture@cv@@UBE_NXZ) referenced in function _init
     1>goErgo.obj : error LNK2019: unresolved external symbol "public: virtual void __thiscall cv::VideoCapture::release(void)" (?release@VideoCapture@cv@@UAEXXZ) referenced in function "void __cdecl exit_nicely(char *)" (?exit_nicely@@YAXPAD@Z)
     1>goErgo.obj : error LNK2019: unresolved external symbol "public: virtual bool __thiscall cv::VideoCapture::read(class cv::Mat &)" (?read@VideoCapture@cv@@UAE_NAAVMat@2@@Z) referenced in function "void __cdecl delay_frames(int)" (?delay_frames@@YAXH@Z)
     1>goErgo.obj : error LNK2019: unresolved external symbol "public: virtual bool __thiscall cv::VideoCapture::set(int,double)" (?set@VideoCapture@cv@@UAE_NHN@Z) referenced in function _init
     1>MSVCRTD.lib(crtexe.obj) : error LNK2019: unresolved external symbol _main referenced in function ___tmainCRTStartup
     1>C:\Users\sriramch\Documents\GitHub\GoErgo\GoErgo\Debug\GoErgo.exe : fatal error LNK1120: 58 unresolved externals
     1>Done Building Project "C:\Users\sriramch\Documents\GitHub\GoErgo\GoErgo\ObjectDetection\ObjectDetection.vcxproj" (Build target(s)) -- FAILED.

Build FAILED.

Time Elapsed 00:00:00.38
