c:\users\sriramch\documents\github\goergo\goergo\objectdetection\x64\debug\goergo.pch
c:\users\sriramch\documents\github\goergo\goergo\objectdetection\x64\debug\vc120.pdb
c:\users\sriramch\documents\github\goergo\goergo\objectdetection\x64\debug\stdafx.obj
c:\users\sriramch\documents\github\goergo\goergo\objectdetection\x64\debug\.netframework,version=v4.0.assemblyattributes.obj
c:\users\sriramch\documents\github\goergo\goergo\objectdetection\x64\debug\goergo.obj
c:\users\sriramch\documents\github\goergo\goergo\x64\debug\goergo.lib
c:\users\sriramch\documents\github\goergo\goergo\x64\debug\goergo.exp
c:\users\sriramch\documents\github\goergo\goergo\x64\debug\goergo.dll
c:\users\sriramch\documents\github\goergo\goergo\x64\debug\goergo.pdb
c:\users\sriramch\documents\github\goergo\goergo\objectdetection\x64\debug\objectdetection.vcxprojresolveassemblyreference.cache
c:\users\sriramch\documents\github\goergo\goergo\objectdetection\x64\debug\goergo.tlog\cl.command.1.tlog
c:\users\sriramch\documents\github\goergo\goergo\objectdetection\x64\debug\goergo.tlog\cl.read.1.tlog
c:\users\sriramch\documents\github\goergo\goergo\objectdetection\x64\debug\goergo.tlog\cl.write.1.tlog
c:\users\sriramch\documents\github\goergo\goergo\objectdetection\x64\debug\goergo.tlog\goergo.write.1u.tlog
c:\users\sriramch\documents\github\goergo\goergo\objectdetection\x64\debug\goergo.tlog\link.command.1.tlog
c:\users\sriramch\documents\github\goergo\goergo\objectdetection\x64\debug\goergo.tlog\link.read.1.tlog
c:\users\sriramch\documents\github\goergo\goergo\objectdetection\x64\debug\goergo.tlog\link.write.1.tlog
c:\users\sriramch\documents\github\goergo\goergo\objectdetection\x64\debug\goergo.tlog\metagen.read.1.tlog
c:\users\sriramch\documents\github\goergo\goergo\objectdetection\x64\debug\goergo.tlog\metagen.write.1.tlog
c:\users\sriramch\documents\github\goergo\goergo\objectdetection\x64\debug\goergo.tlog\tzres.dll.bi
